<?xml version="1.0" encoding="UTF-8"?>
<!-- Generated by org.testng.reporters.JUnitReportReporter -->
<testsuite hostname="Sukhadewas-MacBook-Air.local" failures="0" tests="1" name="com.test.SoapRequestXML" time="3.344" errors="0" timestamp="2024-07-14T12:51:23 IST" skipped="0">
  <testcase classname="com.test.SoapRequestXML" name="ValidSoapXML" time="3.344"/>
</testsuite> <!-- com.test.SoapRequestXML -->
