<?xml version="1.0" encoding="UTF-8"?>
<!-- Generated by org.testng.reporters.JUnitReportReporter -->
<testsuite hostname="Sukhadewas-Air.lan" failures="0" tests="1" name="com.test.FISAPITesting" time="3.958" errors="0" timestamp="2025-01-13T11:04:33 IST" skipped="0">
  <testcase classname="com.test.FISAPITesting" name="GetReq" time="3.958"/>
</testsuite> <!-- com.test.FISAPITesting -->
