<?xml version="1.0" encoding="UTF-8"?>
<!-- Generated by org.testng.reporters.JUnitReportReporter -->
<testsuite hostname="Sukhadewas-MacBook-Air.local" failures="0" tests="3" name="com.test.PutPatchAndDeleteExample" time="5.777" errors="0" timestamp="2024-08-01T20:35:27 IST" skipped="0">
  <testcase classname="com.test.PutPatchAndDeleteExample" name="PutReq" time="0.780"/>
  <testcase classname="com.test.PutPatchAndDeleteExample" name="PatchReq" time="1.304"/>
  <testcase classname="com.test.PutPatchAndDeleteExample" name="DeleteReq" time="3.693"/>
</testsuite> <!-- com.test.PutPatchAndDeleteExample -->
