<?xml version="1.0" encoding="UTF-8"?>
<!-- Generated by org.testng.reporters.JUnitReportReporter -->
<testsuite hostname="Sukhadewas-Air.lan" failures="0" tests="1" name="com.test.FISAutomationTesting" time="269.571" errors="0" timestamp="2025-01-13T11:03:42 IST" skipped="0">
  <testcase classname="com.test.FISAutomationTesting" name="AddToCart" time="269.571"/>
</testsuite> <!-- com.test.FISAutomationTesting -->
